#
# A fatal error has been detected by the Java Runtime Environment:
#
#  EXCEPTION_ACCESS_VIOLATION (0xc0000005) at pc=0x00000000548381c5, pid=30660, tid=10888
#
# JRE version: Java(TM) SE Runtime Environment (8.0_51-b16) (build 1.8.0_51-b16)
# Java VM: Java HotSpot(TM) 64-Bit Server VM (25.51-b03 mixed mode windows-amd64 compressed oops)
# Problematic frame:
# V  [jvm.dll+0x1281c5]
#
# Failed to write core dump. Minidumps are not enabled by default on client versions of Windows
#
# If you would like to submit a bug report, please visit:
#   http://bugreport.java.com/bugreport/crash.jsp
#

---------------  T H R E A D  ---------------

Current thread (0x000000001e174000):  JavaThread "JDWP Transport Listener: dt_socket" daemon [_thread_in_vm, id=10888, stack(0x000000001f9f0000,0x000000001faf0000)]

siginfo: ExceptionCode=0xc0000005, reading address 0xffffffffffffffff

Registers:
RAX=0x000000001faef601, RBX=0x000000001e174000, RCX=0x003b003b656c6261, RDX=0x0000000000000000
RSP=0x000000001faef5e0, RBP=0x003b003b656c6261, RSI=0x000000001faef6f8, RDI=0x0000000002b3bb10
R8 =0x000000001e174000, R9 =0x0000000000000001, R10=0x0000000000008000, R11=0x000000001faef530
R12=0x0000000000000000, R13=0x000000001e166d58, R14=0x0000000000000000, R15=0x0000000000000000
RIP=0x00000000548381c5, EFLAGS=0x0000000000010202

Top of Stack: (sp=0x000000001faef5e0)
0x000000001faef5e0:   000000001e174000 000000001e174000
0x000000001faef5f0:   000000001faef6a8 0000000054a3c72b
0x000000001faef600:   000000001e174000 0000000054a58f8d
0x000000001faef610:   0000000000000000 00000000557f9155
0x000000001faef620:   0000000024ae16e0 000000005580291e
0x000000001faef630:   000000001e174000 0000000000000000
0x000000001faef640:   0000000000000000 0000000000000000
0x000000001faef650:   003b003b656c6261 0000000055801a15
0x000000001faef660:   000000001faef6f8 000000001faef6d0
0x000000001faef670:   0000000000000001 0000000024ae16e0
0x000000001faef680:   003b003b656c6261 00000000557e53b3
0x000000001faef690:   000000001faef7c0 0000000000000001
0x000000001faef6a0:   0000000000000001 0000000024ae16e0
0x000000001faef6b0:   00000000f000100a 0000000000000000
0x000000001faef6c0:   0000000000000000 0000000000000000
0x000000001faef6d0:   0000000000000001 00000000557e5571 

Instructions: (pc=0x00000000548381c5)
0x00000000548381a5:   cc cc cc cc cc cc cc cc cc cc cc 48 83 ec 28 48
0x00000000548381b5:   85 c9 75 07 33 c0 48 83 c4 28 c3 48 89 5c 24 20
0x00000000548381c5:   48 8b 19 48 85 db 74 20 48 83 fb 37 74 1a 48 8b
0x00000000548381d5:   13 48 8b cb ff 52 10 84 c0 74 0d 48 8b c3 48 8b 


Register to memory mapping:

RAX=0x000000001faef601 is pointing into the stack for thread: 0x000000001e174000
RBX=0x000000001e174000 is a thread
RCX=0x003b003b656c6261 is an unknown value
RDX=0x0000000000000000 is an unknown value
RSP=0x000000001faef5e0 is pointing into the stack for thread: 0x000000001e174000
RBP=0x003b003b656c6261 is an unknown value
RSI=0x000000001faef6f8 is pointing into the stack for thread: 0x000000001e174000
RDI=0x0000000002b3bb10 is an unknown value
R8 =0x000000001e174000 is a thread
R9 =0x0000000000000001 is an unknown value
R10=0x0000000000008000 is an unknown value
R11=0x000000001faef530 is pointing into the stack for thread: 0x000000001e174000
R12=0x0000000000000000 is an unknown value
R13=0x000000001e166d58 is an unknown value
R14=0x0000000000000000 is an unknown value
R15=0x0000000000000000 is an unknown value


Stack: [0x000000001f9f0000,0x000000001faf0000],  sp=0x000000001faef5e0,  free space=1021k
Native frames: (J=compiled Java code, j=interpreted, Vv=VM code, C=native code)
V  [jvm.dll+0x1281c5]
V  [jvm.dll+0x348f8d]
C  [jdwp.dll+0x21a15]
C  [jdwp.dll+0x53b3]
C  [jdwp.dll+0x5571]
C  [jdwp.dll+0xf0a8]
C  [jdwp.dll+0x1f2d5]
C  [jdwp.dll+0x1f4aa]
V  [jvm.dll+0x1bae78]
V  [jvm.dll+0x2418a4]
V  [jvm.dll+0x29846a]
C  [msvcr100.dll+0x21d9f]
C  [msvcr100.dll+0x21e3b]
C  [KERNEL32.DLL+0x17034]
C  [ntdll.dll+0x52651]


---------------  P R O C E S S  ---------------

Java Threads: ( => current thread )
  0x000000002194c000 JavaThread "File IO Thread" [_thread_blocked, id=30404, stack(0x0000000023400000,0x0000000023500000)]
  0x000000002194b000 JavaThread "Netty Server IO #1" daemon [_thread_in_native, id=27136, stack(0x0000000038c10000,0x0000000038d10000)]
  0x0000000021942000 JavaThread "Netty Local Client IO #0" daemon [_thread_blocked, id=21816, stack(0x0000000036650000,0x0000000036750000)]
  0x0000000021949000 JavaThread "Netty Server IO #0" daemon [_thread_in_native, id=26036, stack(0x0000000035ba0000,0x0000000035ca0000)]
  0x0000000021944800 JavaThread "Server thread" [_thread_blocked, id=16784, stack(0x0000000035790000,0x0000000035890000)]
  0x0000000021947800 JavaThread "Snooper Timer" daemon [_thread_blocked, id=12652, stack(0x0000000034ed0000,0x0000000034fd0000)]
  0x0000000021946000 JavaThread "LWJGL Timer" daemon [_thread_blocked, id=1872, stack(0x0000000035d50000,0x0000000035e50000)]
  0x0000000021943800 JavaThread "AWT-Windows" daemon [_thread_in_native, id=27084, stack(0x00000000350d0000,0x00000000351d0000)]
  0x00000000218bc800 JavaThread "Chunk Batcher 1" daemon [_thread_blocked, id=25308, stack(0x0000000030a60000,0x0000000030b60000)]
  0x0000000022015000 JavaThread "Chunk Batcher 0" daemon [_thread_blocked, id=14248, stack(0x000000002f950000,0x000000002fa50000)]
  0x0000000024ae2800 JavaThread "Thread-6" [_thread_blocked, id=432, stack(0x000000002cdb0000,0x000000002ceb0000)]
  0x00000000218c2000 JavaThread "Thread-5" [_thread_blocked, id=32544, stack(0x000000002ead0000,0x000000002ebd0000)]
  0x0000000022460000 JavaThread "Java2D Disposer" daemon [_thread_blocked, id=17836, stack(0x0000000026660000,0x0000000026760000)]
  0x0000000025649800 JavaThread "Timer hack thread" daemon [_thread_blocked, id=19180, stack(0x0000000023500000,0x0000000023600000)]
  0x00000000221bd000 JavaThread "Snooper Timer" daemon [_thread_blocked, id=28292, stack(0x0000000023300000,0x0000000023400000)]
  0x000000001e3cb800 JavaThread "Service Thread" daemon [_thread_blocked, id=22544, stack(0x00000000200f0000,0x00000000201f0000)]
  0x000000001e3c4800 JavaThread "C1 CompilerThread3" daemon [_thread_blocked, id=19444, stack(0x000000001fff0000,0x00000000200f0000)]
  0x000000001e3c2000 JavaThread "C2 CompilerThread2" daemon [_thread_blocked, id=12536, stack(0x000000001fef0000,0x000000001fff0000)]
  0x000000001e3bd000 JavaThread "C2 CompilerThread1" daemon [_thread_blocked, id=20656, stack(0x000000001fdf0000,0x000000001fef0000)]
  0x000000001e3ba800 JavaThread "C2 CompilerThread0" daemon [_thread_blocked, id=30712, stack(0x000000001fcf0000,0x000000001fdf0000)]
  0x000000001e17f000 JavaThread "JDWP Command Reader" daemon [_thread_in_native, id=27248, stack(0x000000001fbf0000,0x000000001fcf0000)]
  0x000000001e17c000 JavaThread "JDWP Event Helper Thread" daemon [_thread_blocked, id=18720, stack(0x000000001faf0000,0x000000001fbf0000)]
=>0x000000001e174000 JavaThread "JDWP Transport Listener: dt_socket" daemon [_thread_in_vm, id=10888, stack(0x000000001f9f0000,0x000000001faf0000)]
  0x000000001e16e800 JavaThread "Attach Listener" daemon [_thread_blocked, id=18536, stack(0x000000001f5b0000,0x000000001f6b0000)]
  0x000000001e16c800 JavaThread "Signal Dispatcher" daemon [_thread_blocked, id=24240, stack(0x000000001f4b0000,0x000000001f5b0000)]
  0x0000000002e29000 JavaThread "Finalizer" daemon [_thread_blocked, id=1340, stack(0x000000001f3b0000,0x000000001f4b0000)]
  0x000000001ca8d000 JavaThread "Reference Handler" daemon [_thread_blocked, id=1588, stack(0x000000001f2b0000,0x000000001f3b0000)]
  0x0000000002d33800 JavaThread "Client thread" [_thread_blocked, id=4444, stack(0x00000000029e0000,0x0000000002ae0000)]

Other Threads:
  0x000000001e132800 VMThread [stack: 0x000000001f1b0000,0x000000001f2b0000] [id=25304]
  0x000000001e45c000 WatcherThread [stack: 0x00000000201f0000,0x00000000202f0000] [id=5352]

VM state:not at safepoint (normal execution)

VM Mutex/Monitor currently owned by a thread: None

Heap:
 PSYoungGen      total 45568K, used 45007K [0x000000076b180000, 0x000000076df00000, 0x00000007c0000000)
  eden space 44544K, 99% used [0x000000076b180000,0x000000076dcebce0,0x000000076dd00000)
  from space 1024K, 53% used [0x000000076de00000,0x000000076de88000,0x000000076df00000)
  to   space 1024K, 0% used [0x000000076dd00000,0x000000076dd00000,0x000000076de00000)
 ParOldGen       total 329216K, used 313494K [0x00000006c1400000, 0x00000006d5580000, 0x000000076b180000)
  object space 329216K, 95% used [0x00000006c1400000,0x00000006d4625838,0x00000006d5580000)
 Metaspace       used 43130K, capacity 43417K, committed 43776K, reserved 1087488K
  class space    used 4740K, capacity 4841K, committed 4864K, reserved 1048576K

Card table byte_map: [0x00000000121f0000,0x00000000129f0000] byte_map_base: 0x000000000ebe6000

Marking Bits: (ParMarkBitMap*) 0x0000000054f14040
 Begin Bits: [0x0000000013940000, 0x00000000178f0000)
 End Bits:   [0x00000000178f0000, 0x000000001b8a0000)

Polling page: 0x0000000001100000

CodeCache: size=245760Kb used=35011Kb max_used=37591Kb free=210748Kb
 bounds [0x0000000002e30000, 0x0000000005350000, 0x0000000011e30000]
 total_blobs=9011 nmethods=8133 adapters=795
 compilation: enabled

Compilation events (10 events):
Event: 699.587 Thread 0x000000001e3bd000 12319       4       net.minecraft.block.BlockDoor::getCollisionBoundingBox (14 bytes)
Event: 699.589 Thread 0x000000001e3bd000 nmethod 12319 0x0000000004f3e810 code [0x0000000004f3e9c0, 0x0000000004f3ed68]
Event: 720.535 Thread 0x000000001e3c4800 12320       3       net.minecraft.world.SpawnerAnimals::canCreatureTypeSpawnAtLocation (184 bytes)
Event: 720.538 Thread 0x000000001e3c4800 nmethod 12320 0x0000000003c3ae50 code [0x0000000003c3b440, 0x0000000003c3fed8]
Event: 725.482 Thread 0x000000001e3c2000 12321       4       net.minecraft.client.gui.GuiChat::updateScreen (8 bytes)
Event: 725.483 Thread 0x000000001e3c2000 nmethod 12321 0x000000000451b5d0 code [0x000000000451b700, 0x000000000451b798]
Event: 767.136 Thread 0x000000001e3bd000 12322       4       net.minecraft.entity.ai.attributes.ServersideAttributeMap::getAttributeInstanceByName (6 bytes)
Event: 767.140 Thread 0x000000001e3bd000 nmethod 12322 0x000000000315d8d0 code [0x000000000315da60, 0x000000000315de18]
Event: 784.497 Thread 0x000000001e3c2000 12323       4       org.lwjgl.opengl.WindowsKeyboard::isKeyPressed (13 bytes)
Event: 784.497 Thread 0x000000001e3c2000 nmethod 12323 0x0000000002f76f90 code [0x0000000002f770c0, 0x0000000002f770f8]

GC Heap History (10 events):
Event: 822.400 GC heap before
{Heap before GC invocations=954 (full 4):
 PSYoungGen      total 45568K, used 45248K [0x000000076b180000, 0x000000076df00000, 0x00000007c0000000)
  eden space 44544K, 100% used [0x000000076b180000,0x000000076dd00000,0x000000076dd00000)
  from space 1024K, 68% used [0x000000076dd00000,0x000000076ddb0000,0x000000076de00000)
  to   space 1024K, 0% used [0x000000076de00000,0x000000076de00000,0x000000076df00000)
 ParOldGen       total 329216K, used 313389K [0x00000006c1400000, 0x00000006d5580000, 0x000000076b180000)
  object space 329216K, 95% used [0x00000006c1400000,0x00000006d460b7e8,0x00000006d5580000)
 Metaspace       used 43121K, capacity 43417K, committed 43776K, reserved 1087488K
  class space    used 4739K, capacity 4841K, committed 4864K, reserved 1048576K
Event: 822.403 GC heap after
Heap after GC invocations=954 (full 4):
 PSYoungGen      total 45568K, used 576K [0x000000076b180000, 0x000000076df00000, 0x00000007c0000000)
  eden space 44544K, 0% used [0x000000076b180000,0x000000076b180000,0x000000076dd00000)
  from space 1024K, 56% used [0x000000076de00000,0x000000076de90000,0x000000076df00000)
  to   space 1024K, 0% used [0x000000076dd00000,0x000000076dd00000,0x000000076de00000)
 ParOldGen       total 329216K, used 313494K [0x00000006c1400000, 0x00000006d5580000, 0x000000076b180000)
  object space 329216K, 95% used [0x00000006c1400000,0x00000006d4625838,0x00000006d5580000)
 Metaspace       used 43121K, capacity 43417K, committed 43776K, reserved 1087488K
  class space    used 4739K, capacity 4841K, committed 4864K, reserved 1048576K
}
Event: 822.745 GC heap before
{Heap before GC invocations=955 (full 4):
 PSYoungGen      total 45568K, used 45120K [0x000000076b180000, 0x000000076df00000, 0x00000007c0000000)
  eden space 44544K, 100% used [0x000000076b180000,0x000000076dd00000,0x000000076dd00000)
  from space 1024K, 56% used [0x000000076de00000,0x000000076de90000,0x000000076df00000)
  to   space 1024K, 0% used [0x000000076dd00000,0x000000076dd00000,0x000000076de00000)
 ParOldGen       total 329216K, used 313494K [0x00000006c1400000, 0x00000006d5580000, 0x000000076b180000)
  object space 329216K, 95% used [0x00000006c1400000,0x00000006d4625838,0x00000006d5580000)
 Metaspace       used 43121K, capacity 43417K, committed 43776K, reserved 1087488K
  class space    used 4739K, capacity 4841K, committed 4864K, reserved 1048576K
Event: 822.747 GC heap after
Heap after GC invocations=955 (full 4):
 PSYoungGen      total 45568K, used 576K [0x000000076b180000, 0x000000076df00000, 0x00000007c0000000)
  eden space 44544K, 0% used [0x000000076b180000,0x000000076b180000,0x000000076dd00000)
  from space 1024K, 56% used [0x000000076dd00000,0x000000076dd90000,0x000000076de00000)
  to   space 1024K, 0% used [0x000000076de00000,0x000000076de00000,0x000000076df00000)
 ParOldGen       total 329216K, used 313494K [0x00000006c1400000, 0x00000006d5580000, 0x000000076b180000)
  object space 329216K, 95% used [0x00000006c1400000,0x00000006d4625838,0x00000006d5580000)
 Metaspace       used 43121K, capacity 43417K, committed 43776K, reserved 1087488K
  class space    used 4739K, capacity 4841K, committed 4864K, reserved 1048576K
}
Event: 823.045 GC heap before
{Heap before GC invocations=956 (full 4):
 PSYoungGen      total 45568K, used 45120K [0x000000076b180000, 0x000000076df00000, 0x00000007c0000000)
  eden space 44544K, 100% used [0x000000076b180000,0x000000076dd00000,0x000000076dd00000)
  from space 1024K, 56% used [0x000000076dd00000,0x000000076dd90000,0x000000076de00000)
  to   space 1024K, 0% used [0x000000076de00000,0x000000076de00000,0x000000076df00000)
 ParOldGen       total 329216K, used 313494K [0x00000006c1400000, 0x00000006d5580000, 0x000000076b180000)
  object space 329216K, 95% used [0x00000006c1400000,0x00000006d4625838,0x00000006d5580000)
 Metaspace       used 43121K, capacity 43417K, committed 43776K, reserved 1087488K
  class space    used 4739K, capacity 4841K, committed 4864K, reserved 1048576K
Event: 823.047 GC heap after
Heap after GC invocations=956 (full 4):
 PSYoungGen      total 45568K, used 576K [0x000000076b180000, 0x000000076df00000, 0x00000007c0000000)
  eden space 44544K, 0% used [0x000000076b180000,0x000000076b180000,0x000000076dd00000)
  from space 1024K, 56% used [0x000000076de00000,0x000000076de90000,0x000000076df00000)
  to   space 1024K, 0% used [0x000000076dd00000,0x000000076dd00000,0x000000076de00000)
 ParOldGen       total 329216K, used 313494K [0x00000006c1400000, 0x00000006d5580000, 0x000000076b180000)
  object space 329216K, 95% used [0x00000006c1400000,0x00000006d4625838,0x00000006d5580000)
 Metaspace       used 43121K, capacity 43417K, committed 43776K, reserved 1087488K
  class space    used 4739K, capacity 4841K, committed 4864K, reserved 1048576K
}
Event: 823.405 GC heap before
{Heap before GC invocations=957 (full 4):
 PSYoungGen      total 45568K, used 45120K [0x000000076b180000, 0x000000076df00000, 0x00000007c0000000)
  eden space 44544K, 100% used [0x000000076b180000,0x000000076dd00000,0x000000076dd00000)
  from space 1024K, 56% used [0x000000076de00000,0x000000076de90000,0x000000076df00000)
  to   space 1024K, 0% used [0x000000076dd00000,0x000000076dd00000,0x000000076de00000)
 ParOldGen       total 329216K, used 313494K [0x00000006c1400000, 0x00000006d5580000, 0x000000076b180000)
  object space 329216K, 95% used [0x00000006c1400000,0x00000006d4625838,0x00000006d5580000)
 Metaspace       used 43121K, capacity 43417K, committed 43776K, reserved 1087488K
  class space    used 4739K, capacity 4841K, committed 4864K, reserved 1048576K
Event: 823.407 GC heap after
Heap after GC invocations=957 (full 4):
 PSYoungGen      total 45568K, used 512K [0x000000076b180000, 0x000000076df00000, 0x00000007c0000000)
  eden space 44544K, 0% used [0x000000076b180000,0x000000076b180000,0x000000076dd00000)
  from space 1024K, 50% used [0x000000076dd00000,0x000000076dd80000,0x000000076de00000)
  to   space 1024K, 0% used [0x000000076de00000,0x000000076de00000,0x000000076df00000)
 ParOldGen       total 329216K, used 313494K [0x00000006c1400000, 0x00000006d5580000, 0x000000076b180000)
  object space 329216K, 95% used [0x00000006c1400000,0x00000006d4625838,0x00000006d5580000)
 Metaspace       used 43121K, capacity 43417K, committed 43776K, reserved 1087488K
  class space    used 4739K, capacity 4841K, committed 4864K, reserved 1048576K
}
Event: 823.727 GC heap before
{Heap before GC invocations=958 (full 4):
 PSYoungGen      total 45568K, used 45056K [0x000000076b180000, 0x000000076df00000, 0x00000007c0000000)
  eden space 44544K, 100% used [0x000000076b180000,0x000000076dd00000,0x000000076dd00000)
  from space 1024K, 50% used [0x000000076dd00000,0x000000076dd80000,0x000000076de00000)
  to   space 1024K, 0% used [0x000000076de00000,0x000000076de00000,0x000000076df00000)
 ParOldGen       total 329216K, used 313494K [0x00000006c1400000, 0x00000006d5580000, 0x000000076b180000)
  object space 329216K, 95% used [0x00000006c1400000,0x00000006d4625838,0x00000006d5580000)
 Metaspace       used 43121K, capacity 43417K, committed 43776K, reserved 1087488K
  class space    used 4739K, capacity 4841K, committed 4864K, reserved 1048576K
Event: 823.729 GC heap after
Heap after GC invocations=958 (full 4):
 PSYoungGen      total 45568K, used 544K [0x000000076b180000, 0x000000076df00000, 0x00000007c0000000)
  eden space 44544K, 0% used [0x000000076b180000,0x000000076b180000,0x000000076dd00000)
  from space 1024K, 53% used [0x000000076de00000,0x000000076de88000,0x000000076df00000)
  to   space 1024K, 0% used [0x000000076dd00000,0x000000076dd00000,0x000000076de00000)
 ParOldGen       total 329216K, used 313494K [0x00000006c1400000, 0x00000006d5580000, 0x000000076b180000)
  object space 329216K, 95% used [0x00000006c1400000,0x00000006d4625838,0x00000006d5580000)
 Metaspace       used 43121K, capacity 43417K, committed 43776K, reserved 1087488K
  class space    used 4739K, capacity 4841K, committed 4864K, reserved 1048576K
}

Deoptimization events (10 events):
Event: 823.781 Thread 0x000000002194b000 Uncommon trap: reason=unhandled action=none pc=0x000000000505080c method=net.minecraft.network.PacketThreadUtil.checkThreadAndEnqueue(Lnet/minecraft/network/Packet;Lnet/minecraft/network/INetHandler;Lnet/minecraft/util/IThreadListener;)V @ 28
Event: 823.834 Thread 0x000000002194b000 Uncommon trap: reason=unhandled action=none pc=0x000000000505080c method=net.minecraft.network.PacketThreadUtil.checkThreadAndEnqueue(Lnet/minecraft/network/Packet;Lnet/minecraft/network/INetHandler;Lnet/minecraft/util/IThreadListener;)V @ 28
Event: 823.883 Thread 0x000000002194b000 Uncommon trap: reason=unhandled action=none pc=0x000000000505080c method=net.minecraft.network.PacketThreadUtil.checkThreadAndEnqueue(Lnet/minecraft/network/Packet;Lnet/minecraft/network/INetHandler;Lnet/minecraft/util/IThreadListener;)V @ 28
Event: 823.935 Thread 0x000000002194b000 Uncommon trap: reason=unhandled action=none pc=0x000000000505080c method=net.minecraft.network.PacketThreadUtil.checkThreadAndEnqueue(Lnet/minecraft/network/Packet;Lnet/minecraft/network/INetHandler;Lnet/minecraft/util/IThreadListener;)V @ 28
Event: 823.984 Thread 0x000000002194b000 Uncommon trap: reason=unhandled action=none pc=0x000000000505080c method=net.minecraft.network.PacketThreadUtil.checkThreadAndEnqueue(Lnet/minecraft/network/Packet;Lnet/minecraft/network/INetHandler;Lnet/minecraft/util/IThreadListener;)V @ 28
Event: 824.035 Thread 0x000000002194b000 Uncommon trap: reason=unhandled action=none pc=0x000000000505080c method=net.minecraft.network.PacketThreadUtil.checkThreadAndEnqueue(Lnet/minecraft/network/Packet;Lnet/minecraft/network/INetHandler;Lnet/minecraft/util/IThreadListener;)V @ 28
Event: 824.083 Thread 0x000000002194b000 Uncommon trap: reason=unhandled action=none pc=0x000000000505080c method=net.minecraft.network.PacketThreadUtil.checkThreadAndEnqueue(Lnet/minecraft/network/Packet;Lnet/minecraft/network/INetHandler;Lnet/minecraft/util/IThreadListener;)V @ 28
Event: 824.133 Thread 0x000000002194b000 Uncommon trap: reason=unhandled action=none pc=0x000000000505080c method=net.minecraft.network.PacketThreadUtil.checkThreadAndEnqueue(Lnet/minecraft/network/Packet;Lnet/minecraft/network/INetHandler;Lnet/minecraft/util/IThreadListener;)V @ 28
Event: 824.185 Thread 0x000000002194b000 Uncommon trap: reason=unhandled action=none pc=0x000000000505080c method=net.minecraft.network.PacketThreadUtil.checkThreadAndEnqueue(Lnet/minecraft/network/Packet;Lnet/minecraft/network/INetHandler;Lnet/minecraft/util/IThreadListener;)V @ 28
Event: 824.265 Thread 0x0000000002d33800 Uncommon trap: reason=bimorphic action=maybe_recompile pc=0x0000000003cd49c8 method=java.lang.Throwable.<init>(Ljava/lang/String;)V @ 24

Internal exceptions (10 events):
Event: 824.151 Thread 0x00000000218c2000 Exception <a 'java/lang/InterruptedException': sleep interrupted> (0x000000076d8cfc00) thrown at [C:\re\workspace\8-2-build-windows-amd64-cygwin\jdk8u51\3951\hotspot\src\share\vm\prims\jvm.cpp, line 3211]
Event: 824.160 Thread 0x00000000218c2000 Exception <a 'java/lang/InterruptedException': sleep interrupted> (0x000000076d8cfe50) thrown at [C:\re\workspace\8-2-build-windows-amd64-cygwin\jdk8u51\3951\hotspot\src\share\vm\prims\jvm.cpp, line 3211]
Event: 824.166 Thread 0x00000000218c2000 Exception <a 'java/lang/InterruptedException': sleep interrupted> (0x000000076d9ac3f0) thrown at [C:\re\workspace\8-2-build-windows-amd64-cygwin\jdk8u51\3951\hotspot\src\share\vm\prims\jvm.cpp, line 3211]
Event: 824.172 Thread 0x00000000218c2000 Exception <a 'java/lang/InterruptedException': sleep interrupted> (0x000000076d9ac640) thrown at [C:\re\workspace\8-2-build-windows-amd64-cygwin\jdk8u51\3951\hotspot\src\share\vm\prims\jvm.cpp, line 3211]
Event: 824.176 Thread 0x00000000218c2000 Exception <a 'java/lang/InterruptedException': sleep interrupted> (0x000000076d9ac890) thrown at [C:\re\workspace\8-2-build-windows-amd64-cygwin\jdk8u51\3951\hotspot\src\share\vm\prims\jvm.cpp, line 3211]
Event: 824.180 Thread 0x00000000218c2000 Exception <a 'java/lang/InterruptedException': sleep interrupted> (0x000000076d9acae0) thrown at [C:\re\workspace\8-2-build-windows-amd64-cygwin\jdk8u51\3951\hotspot\src\share\vm\prims\jvm.cpp, line 3211]
Event: 824.185 Thread 0x00000000218c2000 Exception <a 'java/lang/InterruptedException': sleep interrupted> (0x000000076db65d20) thrown at [C:\re\workspace\8-2-build-windows-amd64-cygwin\jdk8u51\3951\hotspot\src\share\vm\prims\jvm.cpp, line 3211]
Event: 824.188 Thread 0x00000000218c2000 Exception <a 'java/lang/InterruptedException': sleep interrupted> (0x000000076db65f70) thrown at [C:\re\workspace\8-2-build-windows-amd64-cygwin\jdk8u51\3951\hotspot\src\share\vm\prims\jvm.cpp, line 3211]
Event: 824.193 Thread 0x00000000218c2000 Exception <a 'java/lang/InterruptedException': sleep interrupted> (0x000000076db661c0) thrown at [C:\re\workspace\8-2-build-windows-amd64-cygwin\jdk8u51\3951\hotspot\src\share\vm\prims\jvm.cpp, line 3211]
Event: 824.196 Thread 0x00000000218c2000 Exception <a 'java/lang/InterruptedException': sleep interrupted> (0x000000076db66410) thrown at [C:\re\workspace\8-2-build-windows-amd64-cygwin\jdk8u51\3951\hotspot\src\share\vm\prims\jvm.cpp, line 3211]

Events (10 events):
Event: 824.188 Thread 0x00000000218c2000 DEOPT UNPACKING pc=0x0000000002e7747f sp=0x000000002ebcedb8 mode 1
Event: 824.193 Thread 0x00000000218c2000 DEOPT PACKING pc=0x0000000003fab79c sp=0x000000002ebcf0a0
Event: 824.193 Thread 0x00000000218c2000 DEOPT UNPACKING pc=0x0000000002e7747f sp=0x000000002ebcedb8 mode 1
Event: 824.196 Thread 0x00000000218c2000 DEOPT PACKING pc=0x0000000003fab79c sp=0x000000002ebcf0a0
Event: 824.196 Thread 0x00000000218c2000 DEOPT UNPACKING pc=0x0000000002e7747f sp=0x000000002ebcedb8 mode 1
Event: 824.197 Executing VM operation: RedefineClasses
Event: 824.261 Executing VM operation: RedefineClasses done
Event: 824.265 Thread 0x0000000002d33800 Uncommon trap: trap_request=0xffffffc6 fr.pc=0x0000000003cd49c8
Event: 824.265 Thread 0x0000000002d33800 DEOPT PACKING pc=0x0000000003cd49c8 sp=0x0000000002adea40
Event: 824.265 Thread 0x0000000002d33800 DEOPT UNPACKING pc=0x0000000002e7582a sp=0x0000000002adea18 mode 2


Dynamic libraries:
0x00007ff67e5f0000 - 0x00007ff67e627000 	D:\Yiffur Client\yiffur\jre\bin\javaw.exe
0x00007ffbddcf0000 - 0x00007ffbddee5000 	C:\WINDOWS\SYSTEM32\ntdll.dll
0x00007ffbdce70000 - 0x00007ffbdcf2e000 	C:\WINDOWS\System32\KERNEL32.DLL
0x00007ffbdb830000 - 0x00007ffbdbaf8000 	C:\WINDOWS\System32\KERNELBASE.dll
0x00007ffbdd220000 - 0x00007ffbdd2cc000 	C:\WINDOWS\System32\ADVAPI32.dll
0x00007ffbdd170000 - 0x00007ffbdd20e000 	C:\WINDOWS\System32\msvcrt.dll
0x00007ffbdd5e0000 - 0x00007ffbdd67b000 	C:\WINDOWS\System32\sechost.dll
0x00007ffbdc660000 - 0x00007ffbdc78a000 	C:\WINDOWS\System32\RPCRT4.dll
0x00007ffbdd300000 - 0x00007ffbdd4a1000 	C:\WINDOWS\System32\USER32.dll
0x00007ffbdbd10000 - 0x00007ffbdbd32000 	C:\WINDOWS\System32\win32u.dll
0x00007ffbdcc10000 - 0x00007ffbdcc3b000 	C:\WINDOWS\System32\GDI32.dll
0x00007ffbdb720000 - 0x00007ffbdb82b000 	C:\WINDOWS\System32\gdi32full.dll
0x00007ffbdb540000 - 0x00007ffbdb5dd000 	C:\WINDOWS\System32\msvcp_win.dll
0x00007ffbdb440000 - 0x00007ffbdb540000 	C:\WINDOWS\System32\ucrtbase.dll
0x00007ffbc4d80000 - 0x00007ffbc501a000 	C:\WINDOWS\WinSxS\amd64_microsoft.windows.common-controls_6595b64144ccf1df_6.0.19041.1110_none_60b5254171f9507e\COMCTL32.dll
0x00007ffbdd2d0000 - 0x00007ffbdd300000 	C:\WINDOWS\System32\IMM32.DLL
0x0000000055860000 - 0x0000000055932000 	D:\Yiffur Client\yiffur\jre\bin\msvcr100.dll
0x0000000054710000 - 0x0000000054f93000 	D:\Yiffur Client\yiffur\jre\bin\server\jvm.dll
0x00007ffbdd8e0000 - 0x00007ffbdd8e8000 	C:\WINDOWS\System32\PSAPI.DLL
0x00007ffbcd600000 - 0x00007ffbcd627000 	C:\WINDOWS\SYSTEM32\WINMM.dll
0x00007ffbc56e0000 - 0x00007ffbc56e9000 	C:\WINDOWS\SYSTEM32\WSOCK32.dll
0x00007ffbd2560000 - 0x00007ffbd256a000 	C:\WINDOWS\SYSTEM32\VERSION.dll
0x00007ffbdd050000 - 0x00007ffbdd0bb000 	C:\WINDOWS\System32\WS2_32.dll
0x0000000055850000 - 0x000000005585f000 	D:\Yiffur Client\yiffur\jre\bin\verify.dll
0x0000000055820000 - 0x0000000055849000 	D:\Yiffur Client\yiffur\jre\bin\java.dll
0x00000000557e0000 - 0x0000000055815000 	D:\Yiffur Client\yiffur\jre\bin\jdwp.dll
0x00000000557d0000 - 0x00000000557d8000 	D:\Yiffur Client\yiffur\jre\bin\npt.dll
0x00000000557a0000 - 0x00000000557c3000 	D:\Yiffur Client\yiffur\jre\bin\instrument.dll
0x0000000055520000 - 0x0000000055536000 	D:\Yiffur Client\yiffur\jre\bin\zip.dll
0x00007ffbdbd40000 - 0x00007ffbdc47f000 	C:\WINDOWS\System32\SHELL32.dll
0x00007ffbd94f0000 - 0x00007ffbd9c80000 	C:\WINDOWS\SYSTEM32\windows.storage.dll
0x00007ffbdd8f0000 - 0x00007ffbddc45000 	C:\WINDOWS\System32\combase.dll
0x00007ffbdae60000 - 0x00007ffbdae8e000 	C:\WINDOWS\SYSTEM32\Wldp.dll
0x00007ffbdd680000 - 0x00007ffbdd72d000 	C:\WINDOWS\System32\SHCORE.dll
0x00007ffbdcf30000 - 0x00007ffbdcf85000 	C:\WINDOWS\System32\shlwapi.dll
0x00007ffbdb350000 - 0x00007ffbdb36f000 	C:\WINDOWS\SYSTEM32\profapi.dll
0x0000000055790000 - 0x0000000055799000 	D:\Yiffur Client\yiffur\jre\bin\dt_socket.dll
0x00007ffba5d60000 - 0x00007ffba5d77000 	C:\WINDOWS\system32\napinsp.dll
0x00007ffba5d40000 - 0x00007ffba5d5b000 	C:\WINDOWS\system32\pnrpnsp.dll
0x00007ffba7ba0000 - 0x00007ffba7bb5000 	C:\WINDOWS\system32\wshbth.dll
0x00007ffbd4e10000 - 0x00007ffbd4e2d000 	C:\WINDOWS\system32\NLAapi.dll
0x00007ffbda860000 - 0x00007ffbda89b000 	C:\WINDOWS\SYSTEM32\IPHLPAPI.DLL
0x00007ffbdabc0000 - 0x00007ffbdac2a000 	C:\WINDOWS\System32\mswsock.dll
0x00007ffbda8a0000 - 0x00007ffbda96b000 	C:\WINDOWS\SYSTEM32\DNSAPI.dll
0x00007ffbdd210000 - 0x00007ffbdd218000 	C:\WINDOWS\System32\NSI.dll
0x00007ffba5d20000 - 0x00007ffba5d32000 	C:\WINDOWS\System32\winrnr.dll
0x00007ffbbf6d0000 - 0x00007ffbbf74f000 	C:\WINDOWS\System32\fwpuclnt.dll
0x00007ffbdb410000 - 0x00007ffbdb437000 	C:\WINDOWS\System32\bcrypt.dll
0x00007ffbc4c50000 - 0x00007ffbc4c5a000 	C:\Windows\System32\rasadhlp.dll
0x0000000055510000 - 0x000000005551d000 	D:\Yiffur Client\yiffur\jre\bin\management.dll
0x00000000554f0000 - 0x000000005550a000 	D:\Yiffur Client\yiffur\jre\bin\net.dll
0x00000000554d0000 - 0x00000000554e1000 	D:\Yiffur Client\yiffur\jre\bin\nio.dll
0x0000000180000000 - 0x0000000180053000 	D:\Yiffur Client\yiffur\working-dir\versions\1.8.8\1.8.8-natives\lwjgl64.dll
0x00007ffb945c0000 - 0x00007ffb946e5000 	C:\WINDOWS\SYSTEM32\OPENGL32.dll
0x00007ffbb4fe0000 - 0x00007ffbb500c000 	C:\WINDOWS\SYSTEM32\GLU32.dll
0x00007ffbdadb0000 - 0x00007ffbdadc8000 	C:\WINDOWS\SYSTEM32\CRYPTSP.dll
0x00007ffbda4d0000 - 0x00007ffbda504000 	C:\WINDOWS\system32\rsaenh.dll
0x00007ffbdb2d0000 - 0x00007ffbdb2fe000 	C:\WINDOWS\SYSTEM32\USERENV.dll
0x00007ffbdb5e0000 - 0x00007ffbdb663000 	C:\WINDOWS\System32\bcryptprimitives.dll
0x00007ffbdadd0000 - 0x00007ffbdaddc000 	C:\WINDOWS\SYSTEM32\CRYPTBASE.dll
0x00007ffbd30a0000 - 0x00007ffbd30b7000 	C:\WINDOWS\SYSTEM32\dhcpcsvc6.DLL
0x00007ffbd39a0000 - 0x00007ffbd39bd000 	C:\WINDOWS\SYSTEM32\dhcpcsvc.DLL
0x0000000054570000 - 0x0000000054708000 	D:\Yiffur Client\yiffur\jre\bin\awt.dll
0x00007ffbdccc0000 - 0x00007ffbdcd8d000 	C:\WINDOWS\System32\OLEAUT32.dll
0x00007ffbd8820000 - 0x00007ffbd88b0000 	C:\WINDOWS\SYSTEM32\apphelp.dll
0x00007ffbd22c0000 - 0x00007ffbd236e000 	C:\WINDOWS\SYSTEM32\mscms.dll
0x00007ffbd21c0000 - 0x00007ffbd21d1000 	C:\WINDOWS\SYSTEM32\ColorAdapterClient.dll
0x00007ffbd9c90000 - 0x00007ffbd9ca2000 	C:\WINDOWS\SYSTEM32\kernel.appcore.dll
0x00007ffbdd0c0000 - 0x00007ffbdd169000 	C:\WINDOWS\System32\clbcatq.dll
0x00007ffbb2840000 - 0x00007ffbb2884000 	C:\Windows\System32\Windows.Internal.Graphics.Display.DisplayColorManagement.dll
0x00007ffbdb6d0000 - 0x00007ffbdb71e000 	C:\WINDOWS\System32\cfgmgr32.dll
0x00007ffbd8a00000 - 0x00007ffbd8a9e000 	C:\WINDOWS\system32\uxtheme.dll
0x00007ffbdc540000 - 0x00007ffbdc655000 	C:\WINDOWS\System32\MSCTF.dll
0x00007ffbcc950000 - 0x00007ffbcca49000 	C:\WINDOWS\SYSTEM32\textinputframework.dll
0x00007ffbd81a0000 - 0x00007ffbd84fe000 	C:\WINDOWS\System32\CoreUIComponents.dll
0x00007ffbd8500000 - 0x00007ffbd85f2000 	C:\WINDOWS\System32\CoreMessaging.dll
0x00007ffbda0e0000 - 0x00007ffbda113000 	C:\WINDOWS\SYSTEM32\ntmarta.dll
0x00007ffbd7ad0000 - 0x00007ffbd7c24000 	C:\WINDOWS\SYSTEM32\wintypes.dll
0x00007ffbd2eb0000 - 0x00007ffbd2fa9000 	C:\Windows\System32\AppXDeploymentClient.dll
0x00007ffb4d9e0000 - 0x00007ffb5099f000 	C:\WINDOWS\System32\DriverStore\FileRepository\nv_dispi.inf_amd64_b7184c0e1c94c102\nvoglv64.dll
0x00007ffbdc790000 - 0x00007ffbdcc02000 	C:\WINDOWS\System32\SETUPAPI.dll
0x00007ffbdd4b0000 - 0x00007ffbdd5da000 	C:\WINDOWS\System32\ole32.dll
0x00007ffbd6b00000 - 0x00007ffbd6b14000 	C:\WINDOWS\SYSTEM32\WTSAPI32.dll
0x00007ffbdaff0000 - 0x00007ffbdb002000 	C:\WINDOWS\SYSTEM32\msasn1.dll
0x00007ffbd2370000 - 0x00007ffbd23a1000 	C:\WINDOWS\SYSTEM32\cryptnet.dll
0x00007ffbdbbb0000 - 0x00007ffbdbd06000 	C:\WINDOWS\System32\CRYPT32.dll
0x00007ffbd07f0000 - 0x00007ffbd093a000 	C:\WINDOWS\SYSTEM32\drvstore.dll
0x00007ffbdb1b0000 - 0x00007ffbdb1e4000 	C:\WINDOWS\SYSTEM32\devobj.dll
0x00007ffbdb670000 - 0x00007ffbdb6d0000 	C:\WINDOWS\System32\WINTRUST.dll
0x00007ffbd50e0000 - 0x00007ffbd511b000 	C:\WINDOWS\SYSTEM32\dxcore.dll
0x00007ffbaa5f0000 - 0x00007ffbaa8b3000 	C:\WINDOWS\system32\nvspcap64.dll
0x00007ffbd8ea0000 - 0x00007ffbd8ecf000 	C:\WINDOWS\SYSTEM32\dwmapi.dll
0x00007ffbccdc0000 - 0x00007ffbcce03000 	C:\WINDOWS\SYSTEM32\icm32.dll
0x00007ffbda9e0000 - 0x00007ffbdaa2b000 	C:\WINDOWS\SYSTEM32\powrprof.dll
0x00007ffbda840000 - 0x00007ffbda852000 	C:\WINDOWS\SYSTEM32\UMPDC.dll
0x00007ffbda190000 - 0x00007ffbda1ea000 	C:\WINDOWS\SYSTEM32\WINSTA.dll
0x000000002ceb0000 - 0x000000002cee8000 	C:\Users\Moosh\AppData\Local\Temp\jna\jna4460404342239782709.dll
0x0000000070a40000 - 0x0000000070adc000 	D:\Yiffur Client\yiffur\working-dir\versions\1.8.8\1.8.8-natives\avutil-ttv-51.dll
0x0000000065980000 - 0x00000000659d6000 	D:\Yiffur Client\yiffur\working-dir\versions\1.8.8\1.8.8-natives\swresample-ttv-0.dll
0x000000006eb80000 - 0x000000006ec50000 	D:\Yiffur Client\yiffur\working-dir\versions\1.8.8\1.8.8-natives\libmp3lame-ttv.dll
0x00007ffb44a60000 - 0x00007ffb45e04000 	D:\Yiffur Client\yiffur\working-dir\versions\1.8.8\1.8.8-natives\libmfxsw64.dll
0x00007ffb94450000 - 0x00007ffb945bd000 	D:\Yiffur Client\yiffur\working-dir\versions\1.8.8\1.8.8-natives\twitchsdk.dll
0x00007ffbc6d50000 - 0x00007ffbc7228000 	C:\WINDOWS\SYSTEM32\WININET.dll
0x000000002ed30000 - 0x000000002ed94000 	D:\Yiffur Client\yiffur\working-dir\versions\1.8.8\1.8.8-natives\OpenAL64.dll
0x00007ffbd46c0000 - 0x00007ffbd4745000 	C:\WINDOWS\System32\MMDevApi.dll
0x00007ffbaa190000 - 0x00007ffbaa22c000 	C:\WINDOWS\SYSTEM32\dsound.dll
0x00007ffbc76b0000 - 0x00007ffbc76d6000 	C:\WINDOWS\SYSTEM32\winmmbase.dll
0x00007ffbd44a0000 - 0x00007ffbd4621000 	C:\WINDOWS\SYSTEM32\AUDIOSES.DLL
0x00007ffbd8b90000 - 0x00007ffbd8ba4000 	C:\WINDOWS\SYSTEM32\resourcepolicyclient.dll
0x0000000055480000 - 0x00000000554c7000 	D:\Yiffur Client\yiffur\jre\bin\fontmanager.dll
0x0000000055430000 - 0x0000000055472000 	D:\Yiffur Client\yiffur\jre\bin\t2k.dll
0x00007ffbd42d0000 - 0x00007ffbd449e000 	C:\WINDOWS\system32\d3d9.dll
0x00007ffbcffe0000 - 0x00007ffbd00e6000 	C:\WINDOWS\System32\DriverStore\FileRepository\nv_dispi.inf_amd64_b7184c0e1c94c102\nvldumdx.dll
0x00007ffbdd030000 - 0x00007ffbdd04d000 	C:\WINDOWS\System32\imagehlp.dll
0x00007ffb432c0000 - 0x00007ffb44a55000 	C:\WINDOWS\System32\DriverStore\FileRepository\nv_dispi.inf_amd64_b7184c0e1c94c102\nvd3dumx.dll
0x00007ffbd9cb0000 - 0x00007ffbd9cd3000 	C:\WINDOWS\SYSTEM32\gpapi.dll
0x00007ffbd8cb0000 - 0x00007ffbd8e94000 	C:\WINDOWS\SYSTEM32\dbghelp.dll

VM Arguments:
jvm_args: -agentlib:jdwp=transport=dt_socket,suspend=y,address=localhost:64162 -Djava.library.path=versions/1.8.8/1.8.8-natives/ -javaagent:C:\Users\Moosh\eclipse\java-2021-093\eclipse\configuration\org.eclipse.osgi\222\0\.cp\lib\javaagent-shaded.jar -Dfile.encoding=Cp1252 
java_command: Start
java_class_path (initial): D:\Yiffur Client\yiffur\target\classes;D:\Yiffur Client\yiffur\mc libs\com\google\code\gson\gson\2.2.4\gson-2.2.4.jar;D:\Yiffur Client\yiffur\mc libs\com\google\guava\guava\17.0\guava-17.0.jar;D:\Yiffur Client\yiffur\mc libs\com\ibm\icu\icu4j-core-mojang\51.2\icu4j-core-mojang-51.2.jar;D:\Yiffur Client\yiffur\mc libs\com\mojang\authlib\1.5.21\authlib-1.5.21.jar;D:\Yiffur Client\yiffur\mc libs\com\mojang\netty\1.8.8\netty-1.8.8.jar;D:\Yiffur Client\yiffur\mc libs\com\mojang\realms\1.7.39\realms-1.7.39.jar;D:\Yiffur Client\yiffur\mc libs\com\paulscode\codecjorbis\20101023\codecjorbis-20101023.jar;D:\Yiffur Client\yiffur\mc libs\com\paulscode\codecwav\20101023\codecwav-20101023.jar;D:\Yiffur Client\yiffur\mc libs\com\paulscode\libraryjavasound\20101123\libraryjavasound-20101123.jar;D:\Yiffur Client\yiffur\mc libs\com\paulscode\librarylwjglopenal\20100824\librarylwjglopenal-20100824.jar;D:\Yiffur Client\yiffur\mc libs\com\paulscode\soundsystem\20120107\soundsystem-20120107.jar;D:\Yiffur Client\yiffur\mc libs\commons-codec\commons-codec\1.9\commons-codec-1.9.jar;D:\Yiffur Client\yiffur\mc libs\commons-io\commons-io\2.4\commons-io-2.4.jar;D:\Yiffur Client\yiffur\mc libs\commons-logging\commons-logging\1.1.3\commons-logging-1.1.3.jar;D:\Yiffur Client\yiffur\mc libs\io\netty\netty-all\4.0.23.Final\netty-all-4.0.23.Final.jar;D:\Yiffur Client\yiffur\mc libs\net\java\dev\jna\jna\3.4.0\jna-3.4.0.jar;D:\Yiffur Client\yiffur\mc libs\net\java\dev\jna\platform\3.4.0\platform-3.4.0.jar;D:\Yiffur Client\yiffur\mc libs\net\java\jinput\jinput\2.0.5\jinput-2.0.5.jar;D:\Yiffur Client\yiffur\mc libs\net\java\jinput\jinput-platform\2.0.5\jinput-platform-2.0.5-natives-windows.jar;D:\Yiffur Client\yiffur\mc libs\net\java\jutils\jutils\1.0.0\jutils-1.0.0.jar;D:\Yiffur Client\yiffur\mc libs\net\sf\jopt-simple\jopt-simple\4.6\jopt-simple-4.6.jar;D:\Yiffur Client\yiffur\mc libs\org\apache\commons\commons-compress\1.8.1\commons-compress-1.8.1.jar;D:\Yiffur Client\yiff
Launcher Type: SUN_STANDARD

Environment Variables:
JAVA_HOME=C:\Program Files\Java\jdk1.8.0_231
USERNAME=Moosh
OS=Windows_NT
PROCESSOR_IDENTIFIER=AMD64 Family 23 Model 8 Stepping 2, AuthenticAMD



---------------  S Y S T E M  ---------------

OS: Windows 10.0 , 64 bit Build 19041 (10.0.19041.1348)

CPU:total 12 (12 cores per cpu, 1 threads per core) family 23 model 8 stepping 2, cmov, cx8, fxsr, mmx, sse, sse2, sse3, ssse3, sse4.1, sse4.2, popcnt, avx, avx2, aes, clmul, mmxext, 3dnowpref, lzcnt, sse4a, tsc, tscinvbit, tscinv, bmi1

Memory: 4k page, physical 16691232k(6449448k free), swap 42905632k(23352536k free)

vm_info: Java HotSpot(TM) 64-Bit Server VM (25.51-b03) for windows-amd64 JRE (1.8.0_51-b16), built on Jun  8 2015 18:03:07 by "java_re" with MS VC++ 10.0 (VS2010)

time: Thu Apr 14 18:45:01 2022
elapsed time: 824 seconds (0d 0h 13m 44s)

